<?xml version="1.0" encoding="UTF-8"?>
<!-- Generated by org.testng.reporters.JUnitReportReporter -->
<testsuite hostname="LAPTOP-JMCORG78" failures="0" tests="1" name="Testcase.weekends" time="9.119" errors="0" timestamp="2025-03-26T20:11:11 IST" skipped="0">
  <testcase classname="Testcase.weekends" name="Demo" time="9.119"/>
  <system-out/>
</testsuite> <!-- Testcase.weekends -->
