<?xml version="1.0" encoding="UTF-8"?>
<!-- Generated by org.testng.reporters.JUnitReportReporter -->
<testsuite hostname="LAPTOP-JMCORG78" failures="0" tests="1" name="Testcase.redbus" time="9.479" errors="0" timestamp="2025-03-26T20:00:16 IST" skipped="0">
  <testcase classname="Testcase.redbus" name="Demo" time="9.479"/>
  <system-out/>
</testsuite> <!-- Testcase.redbus -->
