<?xml version="1.0" encoding="UTF-8"?>
<!-- Generated by org.testng.reporters.JUnitReportReporter -->
<testsuite hostname="LAPTOP-JMCORG78" failures="0" tests="1" name="Testcase.ggg" time="0.011" errors="0" timestamp="2025-03-25T22:14:01 IST" skipped="0">
  <testcase classname="Testcase.ggg" name="demo" time="0.011"/>
  <system-out/>
</testsuite> <!-- Testcase.ggg -->
