<?xml version="1.0" encoding="UTF-8"?>
<!-- Generated by org.testng.reporters.JUnitReportReporter -->
<testsuite hostname="LAPTOP-JMCORG78" failures="0" tests="1" name="Testcase.redbus" time="7.108" errors="0" timestamp="2025-03-25T22:28:01 IST" skipped="0">
  <testcase classname="Testcase.redbus" name="Demo" time="7.108"/>
  <system-out/>
</testsuite> <!-- Testcase.redbus -->
