<?xml version="1.0" encoding="UTF-8"?>
<!-- Generated by org.testng.reporters.JUnitReportReporter -->
<testsuite hostname="LAPTOP-JMCORG78" failures="0" tests="1" name="Testcase.weekends" time="10.974" errors="0" timestamp="2025-03-25T23:14:29 IST" skipped="0">
  <testcase classname="Testcase.weekends" name="Demo" time="10.974"/>
  <system-out/>
</testsuite> <!-- Testcase.weekends -->
