<?xml version="1.0" encoding="UTF-8"?>
<!-- Generated by org.testng.reporters.JUnitReportReporter -->
<testsuite hostname="LAPTOP-JMCORG78" failures="0" tests="1" name="Testcase.weekends" time="5.303" errors="0" timestamp="2025-03-26T00:33:16 IST" skipped="0">
  <testcase classname="Testcase.weekends" name="Demo" time="5.303"/>
  <system-out/>
</testsuite> <!-- Testcase.weekends -->
