<?xml version="1.0" encoding="UTF-8"?>
<!-- Generated by org.testng.reporters.JUnitReportReporter -->
<testsuite hostname="LAPTOP-JMCORG78" failures="0" tests="1" name="Testcase.redbus" time="10.733" errors="0" timestamp="2025-03-25T22:45:13 IST" skipped="0">
  <testcase classname="Testcase.redbus" name="Demo" time="10.733"/>
  <system-out/>
</testsuite> <!-- Testcase.redbus -->
